<?xml version="1.0" encoding="UTF-8" ?>
<testsuite 
errors="0" failures="0" hostname="DESKTOP-JPN8U4T" name="com.bm.analytics.tests.unit.age_metrics_tests.ageCategoryTests" tests="1" time="0.03" timestamp="2022-10-17T08:39:51">
  <properties>
[...]
</properties>
  <testcase 
  name="The Calculation should return 1 if age is smaller than 30" classname="com.bm.analytics.tests.unit.age_metrics_tests.ageCategoryTests" time="0.016">
</testcase>
  <system-out><![CDATA[]]></system-out>
  <system-err><![CDATA[]]></system-err>
</testsuite>
